[01:18:26] [Server thread/INFO]: Starting minecraft server version 1.7.10
[01:18:37] [Server thread/INFO]: Loading properties
[01:18:37] [Server thread/INFO]: Default game type: SURVIVAL
[01:18:37] [Server thread/INFO]: Generating keypair
[01:18:37] [Server thread/INFO]: Starting Minecraft server on *:25565
[01:18:37] [Server thread/WARN]: **** SERVER IS RUNNING IN OFFLINE/INSECURE MODE!
[01:18:37] [Server thread/WARN]: The server will make no attempt to authenticate usernames. Beware.
[01:18:37] [Server thread/WARN]: While this makes the game possible to play without internet access, it also opens up the ability for hackers to connect with any username they choose.
[01:18:37] [Server thread/WARN]: To change this, set "online-mode" to "true" in the server.properties file.
[01:18:45] [Server thread/INFO]: Preparing level "world"
[01:18:58] [Server thread/INFO]: Preparing start region for level 0
[01:18:59] [Server thread/INFO]: Preparing spawn area: 95%
[01:18:59] [Server thread/INFO]: Done (13.832s)! For help, type "help" or "?"
[01:21:36] [Server thread/INFO]: Angelichi39[/127.132.24.16:56897] logged in with entity id 8069 at (-73.20511622956784, 11.0, -224.35929590128686)
[01:21:36] [Server thread/INFO]: Angelichi39 joined the game
[01:22:47] [Server thread/INFO]: ThebrosXD[/127.7.14.88:58699] logged in with entity id 8848 at (-277.8852149471323, 70.0, -82.1677856768576)
[01:22:47] [Server thread/INFO]: ThebrosXD joined the game
[01:27:17] [Server thread/INFO]: Arthuro[/127.207.17.91:35993] logged in with entity id 19211 at (-113.31079890232287, 59.24918707874468, -56.37626852729155)
[01:27:17] [Server thread/INFO]: Arthuro joined the game
[01:27:20] [Server thread/INFO]: Arthuro lost connection: TextComponent{text='Disconnected', siblings=[], style=Style{hasParent=false, color=null, bold=null, italic=null, underlined=null, obfuscated=null, clickEvent=null, hoverEvent=null}}
[01:27:20] [Server thread/INFO]: Arthuro left the game
[01:27:33] [Server thread/INFO]: Arthuro[/127.207.17.91:53271] logged in with entity id 19991 at (-113.31079890232287, 59.24918707874468, -56.37626852729155)
[01:27:33] [Server thread/INFO]: Arthuro joined the game
[01:27:35] [Server thread/INFO]: Arthuro lost connection: TextComponent{text='Disconnected', siblings=[], style=Style{hasParent=false, color=null, bold=null, italic=null, underlined=null, obfuscated=null, clickEvent=null, hoverEvent=null}}
[01:27:35] [Server thread/INFO]: Arthuro left the game
[01:27:45] [Server thread/INFO]: Arthuro[/127.207.17.91:41747] logged in with entity id 20863 at (-113.31079890232287, 59.24918707874468, -56.37626852729155)
[01:27:45] [Server thread/INFO]: Arthuro joined the game
